<?xml version="1.0" encoding="UTF-8"?>
<!-- Generated by org.testng.reporters.JUnitXMLReporter -->
<testsuite ignored="1" hostname="LAPTOP-VO7SSANT" failures="0" tests="1" name="Test" time="2.498" errors="0" timestamp="2025-07-14T11:25:15 IST">
  <testcase classname="testscriptpackage.LoginPageTest" name="enterCredentials" time="0.202"/>
  <testcase classname="testscriptpackage.LoginPageTest" name="enterUsernameAndPassword" time="0.0">
    <ignored/>
  </testcase> <!-- enterUsernameAndPassword -->
</testsuite> <!-- Test -->
